1637739890295:pip download --package build>=0.0.1
1637740165077:pip download --package packaging>=15.0
1637740280991:pip download --package pep517>=0.3.0
1637740832140:pip download --package build>=0.7.0
1638169260005:stackstrace
1638169263491:stacktrace
1638169272696:pip download --package build>=0.7.0
1638169275683:stacktrace
1638169328028:pip download --package build>=0.7.0
1638170042435:stacktrace
1638170159328:pip download --package build>=0.7.0
1638170808876:stacktrace
1638170865556:pip download --package build>=0.7.0
1638171159101:stacktrace
1638171275841:pip download --package build>=0.7.0
1638171288651:stacktrace
1638171855026:pip download --package build>=0.7.0
1638171859619:stacktrace
1638171898106:pip download --package build>=0.7.0
1638243318827:pip download --package C:\\Users\\Administrator\\IdeaProjects\\shelltools\\mvnrepoupdatescan\\src\\test\\resources\\pypi\\tests\\requirements-1.txt
1638243354118:pip download --package C:/Users/Administrator/IdeaProjects/shelltools/mvnrepoupdatescan/src/test/resources/pypi/tests/requirements-1.txt
