1594882215590:scan --repositoryLocation=D:/maven_repo_download_test
1594882461774:stacktrace
1594882504952:scan --repositoryLocation=D:/maven_repo_download_test
1594882569118:scan --repositoryLocation D:/maven_repo_download_test
1594882807231:repositoryLocation
1594882815377:scan --repository-location D:/maven_repo_download_test
1594882911878:stacktrace
1594882934816:scan --repository-location D:/mvn_repo_download_test
1594883243814:stacktrace
1594883342293:scan --repository-location D:/mvn_repo_download_test
1594884023428:scan --repository-loaction D:/mvn_repo_download_test
1594884071860:sacn --repository-location D:/mvn_repo_download_test
1594884084582:scan --repository-location D:/mvn_repo_download_test
1594884236998:D:\\mvn_repo_download_test\\org\\yaml\\snakeyaml\\1.25\\
1594884260776:scan --repository-location D:/mvn_repo_download_test
1594884689931:scan --repository-location d:/mvn_repo_download_test
1594885326514:scan --repository-location D:/mvn_repo_download_test
1594971215535:scan --repository-location d:/mvn_repo_download_test
1594971332629:scan --repository-location D:/mvn_repo_download_test
1594976556355:scan
1594976709033:scan --repository-location D:/mvn_repo_download_test
1594976798223:scan --repository-location D:/mvn_repo_download_test --date 2020-07-16_00:00
1594976834644:stacktrace
1594976857630:scan --repository-location D:/mvn_repo_download_test --date 2020-07-16_00:00
1594977381930:scan --repository-location D:/mvn_repo_download_test
1594977434150:scan --repository-location D:/mvn_repo_download_test --date 2020-07-16_00:00
1594979523700:maven_local_repo_copyUpdated --repository-location D:/mvn_repo_download_test --date 2020-07-16_00:00 --dest-location D:/elastic_job_repo_2
1597989540396:help
1597989569396:maven_local_repo_updated_scan help
1597989584012:help maven_local_repo_updated_scan
1597989680702:maven_local_repo_updated_scan --repository-location D:/mvn_repo_download_test --date 2020-08-21_00:00
1597989734962:help
1597989744780:help maven_local_repo_copyUpdated
1597989843495:maven_local_repo_copyUpdated --repository-location D:/mvn_repo_download_test --date 2020-08-21_00:00 --dest-location D:/langx287
1598861686589:help
1598861703001:help maven_local_repo_copyUpdated
1598861791948:maven_local_repo_copyUpdated --repository-location D:/mvn_repo_download_test --dest-location D:/agileway100
1599123489458:help
1599123501061:help maven_local_repo_copyUpdated
1599123540375:maven_local_repo_copyUpdated --repository-location D:/mvn_repo_download_test --dest-location d:/audit113
1599646908253:1599123540375:maven_local_repo_copyUpdated --repository-location D:/mvn_repo_download_test --dest-location d:/audit113 --date
1599646934516:shell:>1599123540375:maven_local_repo_copyUpdated --repository-location D:/mvn_repo_download_test --dest-location d:/audit113 --date 2020-09-03_00:00
1599646961957:maven_local_repo_copyUpdated --repository-location D:/mvn_repo_download_test --dest-location d:/audit113 --date 2020-09-03_00:00
1599653043916:maven_local_repo_copyUpdated --repository-location D:/mvn_repo_download_test --dest-location d:/esmvc120 --date 2020-09-09_00:00
1599718193433:maven_local_repo_copyUpdated --repository-location D:/mvn_repo_download_test --dest-location d:/esmvc120
1599903713474:maven_local_repo_copyUpdated --repository-location D:/mvn_repo_download_test --dest-location d:/springcloud_deps
1600684540383:maven_local_repo_copyUpdated --repository-location D:/mvn_repo_download_test --dest-location d:/security_val
1600693305024:start .
1600747401795:maven_local_repo_copyUpdated --repository-location D:/mvn_repo_download_test --dest-location d:/security_val
1600755164949:maven_local_repo_copyUpdated --repository-location D:/mvn_repo_download_test --dest-location d:/security_val --date 2020-09-22_14:00
1602727298688:maven_local_repo_updated_scan --repositoryLocation=D:/mvn_repo
1602727344801:maven_local_repo_updated_scan --repositoryLocation D:/mvn_repo_download_test
1602727405519:help maven_local_repo_updated_scan
1602727419471:maven_local_repo_updated_scan --repository-location D:/mvn_repo_download_test
1602727597935:maven_local_repo_updated_scan --repository-location D:/mvn_repo_download_test --date 2020-10-14_15:30
1602727634327:maven_local_repo_updated_scan --repository-location D:/mvn_repo_download_test --date 2020-10-14_15:20
1602727681337:org.springframework.data:spring-data-redis:2.3.4.RELEASE
1602727697703:maven_local_repo_updated_scan --repository-location D:/mvn_repo_download_test --date 2020-10-14_14:00
1602727724685:maven_local_repo_copyUpdated --repository-location D:/mvn_repo_download_test --date 2020-10-14_14:00
1602831534232:maven_local_repo_copyUpdated --repository-location D:/mvn_repo_download_test --dest-location D:/agileway131
1602922160048:maven_local_repo_copyUpdated --repository-location D:/mvn_repo_download_test --dest-location D:/agileway140
1602928838032:maven_local_repo_copyUpdated --repository-location D:/mvn_repo_download_test --dest-location D:/agileway141
1602928910642:maven_local_repo_copyUpdated --repository-location D:/mvn_repo_download_test --dest-location D:/agileway141 --date 2020-10-17_15:50
1603106616224:maven_local_repo_copyUpdated --repository-location D:/mvn_repo_download_test --dest-location D:/agileway142
1603189841668:maven_local_repo_copyUpdated --repository-location D:/mvn_repo_download_test --dest-location D:/agileway143
1603279635725:maven_local_repo_copyUpdated --repository-location D:/mvn_repo_download_test --dest-location D:/bes_license_repo
1603714689798:maven_local_repo_copyUpdated --repository-location D:/mvn_repo_download_test --dest-location D:/agileway145
1603868050015:maven_local_repo_copyUpdated --repository-location D:/mvn_repo_download_test --dest-location D:/audit201
1603976306045:maven_local_repo_copyUpdated --repository-location D:/mvn_repo_download_test --dest-location D:/easyjson304
1604042705283:maven_local_repo_copyUpdated --repository-location D:/mvn_repo_download_test --dest-location D:/agileway150
1604311855540:maven_local_repo_copyUpdated --repository-location D:/mvn_repo_download_test --dest-location D:/agileway151
1604387557158:maven_local_repo_copyUpdated --repository-location D:/mvn_repo_download_test --dest-location D:/agileway152
1604892910157:maven_local_repo_copyUpdated --repository-location D:/mvn_repo_download_test --dest-location D:/adb
1604893268737:maven_local_repo_copyUpdated --repository-location D:/mvn_repo_download_test --dest-location D:/adb --date 2020-11-09_00:00
1604893397957:maven_local_repo_copyUpdated --repository-location D:/mvn_repo_download_test --dest-location D:/adb
1604894128009:maven_local_repo_copyUpdated --repository-location D:/mvn_repo_download_test --dest-location D:/adb --date 2020-11-09_00:00
1604902639265:maven_local_repo_copyUpdated --repository-location D:/mvn_repo_download_test --dest-location D:/adb
1604904737541:maven_local_repo_copyUpdated --repository-location D:/mvn_repo_download_test --dest-location D:/adb --date 2020-01-01_00:00
1604904809881:maven_local_repo_copyUpdated --repository-location D:/mvn_repo_download_test --dest-location D:/adb
1606187621411:maven_local_repo_copyUpdated --repository-location D:/mvn_repo_download_test --dest-location D:/agileway221 --date 2020-11-22_00:00
1606187653937:exit
1607304864061:maven_local_repo_copyUpdated --repository-location D:/mvn_repo_download_test --dest-location D:/maven_repo_20201204 --date 2020-12-04_00:00
1607424534676:maven_local_repo_copyUpdated --repository-location D:/mvn_repo_download_test --dest-location D:/maven_repo_20201207 --date 2020-12-07_00:00
1607506767561:D:/mvn_repo_download_test --dest-location D:/maven_repo_20201209 --date 2020-12-09_00:00
1607506818698:maven_local_repo_copyUpdated --repository-location D:/mvn_repo_download_test --dest-location D:/maven_repo_20201209 --date 2020-12-09_00:00
1607766479963:maven_local_repo_copyUpdated --repository-location D:/mvn_repo_download_test --dest-location D:/audit225
1608175029330:maven_local_repo_copyUpdated --repository-location D:/mvn_repo_download_test --dest-location D:/maven_repo_20201212 --date 2020-12-12_00:00
1608521632203:maven_local_repo_copyUpdated --repository-location D:/mvn_repo_download_test --dest-location D:/maven_repo_20201221_graphviz
1609127597692:maven_local_repo_copyUpdated --repository-location D:/mvn_repo_download_test --dest-location D:/maven_repo_20201228
1610359856245:maven_local_repo_copyUpdated --repository-location D:/mvn_repo_download_test --dest-location D:/maven_repo_20210111
1610691690411:maven_local_repo_copyUpdated --repository-location D:/mvn_repo_download_test --dest-location D:/maven_repo_20210115
1610780969695:maven_local_repo_copyUpdated --repository-location D:/mvn_repo_download_test --dest-location D:/maven_repo_20210116
1611046272507:maven_local_repo_copyUpdated --repository-location D:/mvn_repo_download_test --dest-location D:/maven_repo_20210119
1611554502387:maven_local_repo_copyUpdated --repository-location D:/mvn_repo_download_test --dest-location D:/maven_repo_2021015
1612507087945:maven_local_repo_copyUpdated --repository-location D:/mvn_repo_download_test --dest-location D:/maven_repo_20210205
1613889178186:maven_local_repo_copyUpdated --repository-location D:/mvn_repo_download_test --dest-location D:/maven_repo_20210221
1615861719388:maven_local_repo_copyUpdated --repository-location D:/mvn_repo_download_test --dest-location D:/maven_repo_2021016
1615861961957:maven_local_repo_copyUpdated --repository-location D:/mvn_repo_download_test --dest-location D:/maven_repo_20210316
1615879592111:maven_local_repo_copyUpdated --repository-location D:/mvn_repo_download_test --dest-location D:/maven_repo_20210316_2 --date 2020-03-16_12:00
1615879702742:maven_local_repo_copyUpdated --repository-location D:/mvn_repo_download_test --dest-location D:/maven_repo_20210316_2 --date 2021-03-16_12:00
1615948861891:maven_local_repo_copyUpdated --repository-location D:/mvn_repo_download_test --dest-location D:/maven_repo_20210317
1615954450447:maven_local_repo_copyUpdated --repository-location D:/mvn_repo_download_test --dest-location D:/maven_repo_20210317_2
1615954504380:maven_local_repo_copyUpdated --repository-location D:/mvn_repo_download_test --dest-location D:/maven_repo_20210317_2 --date 2021-03-17_11:50
1615954520628:ll
1615965594223:maven_local_repo_copyUpdated --repository-location D:/mvn_repo_download_test --dest-location D:/maven_repo_20210317_3 --date 2021-03-17_15:00
1616119650849:maven_local_repo_copyUpdated --repository-location D:/mvn_repo_download_test --dest-location D:/maven_repo_20210319
1616379727329:maven_local_repo_copyUpdated --repository-location D:/mvn_repo_download_test --dest-location D:/maven_repo_20210322 --date 2021-03-19_12:00
1616379778487:maven_local_repo_copyUpdated --repository-location D:/mvn_repo_download_test --dest-location D:/maven_repo_20210322 --date 2021-03-19_11:00
1616496449949:maven_local_repo_copyUpdated --repository-location D:/mvn_repo_download_test --dest-location D:/maven_repo_20210323
1616585959730:maven_local_repo_copyUpdated --repository-location D:/mvn_repo_download_test --dest-location D:/maven_repo_20210324
1616729087144:maven_local_repo_copyUpdated --repository-location D:/mvn_repo_download_test --dest-location D:/maven_repo_20210326
1616739354037:maven_local_repo_copyUpdated --repository-location D:/mvn_repo_download_test --dest-location D:/maven_repo_20210326_2 --date 2021-03-26_14:00
1617007087217:maven_local_repo_copyUpdated --repository-location D:/mvn_repo_download_test --dest-location D:/maven_repo_20210329
1617345223193:maven_local_repo_copyUpdated --repository-location D:/mvn_repo_download_test --dest-location D:/maven_repo_20210402
1617360578044:maven_local_repo_copyUpdated --repository-location D:/mvn_repo_download_test --dest-location D:/maven_repo_20210402_2
1617674915905:maven_local_repo_copyUpdated --repository-location D:/mvn_repo_download_test --dest-location D:/maven_repo_20210406
1618968780329:maven_local_repo_copyUpdated --repository-location D:/mvn_repo_download_test --dest-location D:/maven_repo_20210421
1618968973036:maven_local_repo_copyUpdated --repository-location D:/mvn_repo_download_test --dest-location D:/maven_repo_20210421 --date 2021-04-21_14:00
1618969065061:maven_local_repo_copyUpdated --repository-location D:/mvn_repo_download_test --dest-location D:/maven_repo_20210421 --date 2021-04-20_14:00
1618986132447:maven_local_repo_copyUpdated --repository-location D:/mvn_repo_download_test --dest-location D:/maven_repo_20210421_2 --date 2021-04-21
1618986143355:maven_local_repo_copyUpdated --repository-location D:/mvn_repo_download_test --dest-location D:/maven_repo_20210421_2
1619338446602:maven_local_repo_copyUpdated --repository-location D:/mvn_repo_download_test --dest-location D:/maven_repo_20210425
1621244196338:maven_local_repo_copyUpdated --repository-location D:/mvn_repo_download_test --dest-location D:/maven_repo_20210517
1621566242827:maven_local_repo_copyUpdated --repository-location D:/mvn_repo_download_test --dest-location D:/maven_repo_20210521
1621666707301:maven_local_repo_copyUpdated --repository-location D:/mvn_repo_download_test --dest-location D:/maven_repo_20210522
1621672408731:maven_local_repo_copyUpdated --repository-location D:/mvn_repo_download_test --dest-location D:/maven_repo_20210522 --date 2021-05-22_15:50
1621672854435:maven_local_repo_copyUpdated --repository-location D:/mvn_repo_download_test --dest-location D:/maven_repo_20210522 --date 2021-05-22_15:50
1621994816076:maven_local_repo_copyUpdated --repository-location D:/mvn_repo_download_test --dest-location D:/maven_repo_20210526
1623826800943:maven_local_repo_copyUpdated --repository-location D:/mvn_repo_download_test --dest-location D:/maven_repo_20210216
1624687139578:pip show --package salt
1624687208701:help
1624687316363:pip-show --package salt
1624688240503:pip-show --packagepip
1624688264294:pip-show --package pip
1624688549706:pip-show --package pypi
1625194389819:help
1625194419170:help pip download
1625194429513:help pip
1625194471635:help
1625194494506:help pip-show
1625194526711:help
1625194535441:help ""
1625194543842:help "pip-show"
1625194585102:help
1625194589025:help ""
1625194594386:help "pip show"
1625194687333:help
1625194695068:help "pip download"
1625194805450:pip download
1625194830321:pip download --package jinja>1.0
1625195416016:stacktrace
1625195455281:pip download --package jinja>1.0
1625195918569:stacktrace
1625195971113:pip download --package jinja>1.0
1625196756920:stacktrace
1625196797216:pip download --package jinja>1.0
1625198125325:stacktrace
1625198264029:pip download --package jinja>1.0
1625221419122:pip download --package jinja>1.0 --out d:/pip_out_test
1625487515926:maven_local_repo_copyUpdated --repository-location D:/mvn_repo_download_test --dest-location D:/maven_repo_20210705
1625562089063:maven_local_repo_copyUpdated --repository-location D:/mvn_repo_download_test --dest-location D:/maven_repo_20210706
1626087664804:maven_local_repo_copyUpdated --repository-location D:/mvn_repo_download_test --dest-location D:/maven_repo_20210712
1626176802698:maven_local_repo_copyUpdated --repository-location D:/mvn_repo_download_test --dest-location D:/maven_repo_20210713
1626232113234:maven_local_repo_copyUpdated --repository-location D:/mvn_repo_download_test --dest-location D:/maven_repo_20210714
1626242866350:maven_local_repo_copyUpdated --repository-location D:/mvn_repo_download_test --dest-location D:/maven_repo_20210714 --date 2021-07-14_13:00
1627992746062:maven_local_repo_copyUpdated --repository-location D:/mvn_repo_download_test --dest-location D:/maven_repo_20210803
1628070237840:maven_local_repo_copyUpdated --repository-location D:/mvn_repo_download_test --dest-location D:/maven_repo_20210804
1628758312166:maven_local_repo_copyUpdated --repository-location D:/mvn_repo_download_test --dest-location D:/maven_repo_20210812

