1637739890295:pip download --package build>=0.0.1
1637740165077:pip download --package packaging>=15.0
1637740280991:pip download --package pep517>=0.3.0
1637740832140:pip download --package build>=0.7.0
1638169260005:stackstrace
1638169263491:stacktrace
1638169272696:pip download --package build>=0.7.0
1638169275683:stacktrace
1638169328028:pip download --package build>=0.7.0
1638170042435:stacktrace
1638170159328:pip download --package build>=0.7.0
1638170808876:stacktrace
1638170865556:pip download --package build>=0.7.0
1638171159101:stacktrace
1638171275841:pip download --package build>=0.7.0
1638171288651:stacktrace
1638171855026:pip download --package build>=0.7.0
1638171859619:stacktrace
1638171898106:pip download --package build>=0.7.0
1638243318827:pip download --package C:\\Users\\Administrator\\IdeaProjects\\shelltools\\mvnrepoupdatescan\\src\\test\\resources\\pypi\\tests\\requirements-1.txt
1638243354118:pip download --package C:/Users/Administrator/IdeaProjects/shelltools/mvnrepoupdatescan/src/test/resources/pypi/tests/requirements-1.txt
1639022908828:maven_local_repo_copyUpdated --repository-location D:/mvn_repo_download_test --dest-location D:/maven_repo_20211201 --date 2021-12-01
1639022922807:maven_local_repo_copyUpdated --repository-location D:/mvn_repo_download_test --dest-location D:/maven_repo_20211201 --date 2021-12-01_00:00
1639031669801:pip download --package C:/Users/Administrator/IdeaProjects/shelltools/mvnrepoupdatescan/src/test/resources/pypi/tests/requirements-1.txt
1639048874584:stacktrace
1639048937224:pip download --package C:/Users/Administrator/IdeaProjects/shelltools/mvnrepoupdatescan/src/test/resources/pypi/tests/requirements-1.txt
1639049962838:stacktrace
1639050596365:pip download --package C:/Users/Administrator/IdeaProjects/shelltools/mvnrepoupdatescan/src/test/resources/pypi/tests/requirements-1.txt
1639053562485:stacktrace
1639053656859:pip download --package C:/Users/Administrator/IdeaProjects/shelltools/mvnrepoupdatescan/src/test/resources/pypi/tests/requirements-1.txt
1639569517203:help
1639569531397:pip license --package PyYAML
1639569553506:stacktrace
1639569591184:pip license --package PyYAML
1639723105399:maven_local_repo_copyUpdated --repository-location D:/mvn_repo_download_test --dest-location D:/maven_repo_20211210 --date 2021-12-10_00:00
1640247744736:maven_local_repo_copyUpdated --repository-location D:/mvn_repo_download_test --dest-location D:/maven_repo_20211222 --date 2021-12-22_16:35
1640248749103:maven_local_repo_copyUpdated --repository-location D:/mvn_repo_download_test --dest-location D:/maven_repo_2021122_2 --date 2021-12-22_16:36
1641363851274:maven_local_repo_copyUpdated --repository-location D:/mvn_repo_download_test --dest-location D:/maven_repo_20220105
1641366689237:maven_local_repo_copyUpdated --repository-location D:/mvn_repo_download_test --dest-location D:/maven_repo_20220105_2 --date 2022-01-05_14:40
1641522919546:pip license
1641523174150:stacktrace
1641523244553:pip license
1641523378746:stacktrace
1641523400373:pip license
1641559527076:pip line
1641559535715:pip license
1641562079537:stacktrace
1641562122565:pip license
1641808007021:maven_local_repo_copyUpdated --repository-location D:/mvn_repo_download_test --dest-location D:/maven_repo_20220110
1644645383166:maven_local_repo_copyUpdated --repository-location D:/mvn_repo_download_test --dest-location D:/maven_repo_20220212
1644648131610:quit
1644826352681:maven_local_repo_copyUpdated --repository-location D:/mvn_repo_download_test --dest-location D:/maven_repo_20220214
1644907940522:maven_local_repo_copyUpdated --repository-location D:/mvn_repo_download_test --dest-location D:/maven_repo_20220214_2
1644910122075:maven_local_repo_copyUpdated --repository-location D:/mvn_repo_download_test --dest-location D:/maven_repo_20220214_3
1644910179892:maven_local_repo_copyUpdated --repository-location D:/mvn_repo_download_test --dest-location D:/maven_repo_20220214_2
1644910196696:maven_local_repo_copyUpdated --repository-location D:/mvn_repo_download_test --dest-location D:/maven_repo_20220214_3
1645754369580:maven_local_repo_copyUpdated --repository-location D:/mvn_repo_download_test --dest-location D:/maven_repo_20220225
1645754584959:maven_local_repo_copyUpdated --repository-location D:/mvn_repo_download_test --dest-location D:/maven_repo_2022022 --date 2022-02-24_02:00
1645766216031:maven_local_repo_copyUpdated --repository-location D:/mvn_repo_download_test --dest-location D:/maven_repo_2022022 --date 2022-02-25_00:00
1646217257819:maven_local_repo_copyUpdated --repository-location D:/mvn_repo_download_test --dest-location D:/maven_repo_2022022 --date 2022-03-01_00:00
1646790444167:maven_local_repo_copyUpdated --repository-location D:/mvn_repo_download_test --dest-location D:/maven_repo_20220309 --date 2022-03-08_00:00
1664354597265:maven_local_repo_copyUpdated --repository-location D:/mvn_repo_download_test --dest-location D:/maven_repo_20220928
1666231954987:maven_local_repo_copyUpdated --repository-location D:/mvn_repo_download_test --dest-location D:/maven_repo_20221020
1666232090513:maven_local_repo_copyUpdated --repository-location D:/mvn_repo_download_test --dest-location D:/maven_repo_20221020_v2
